<?xml version="1.0" encoding="UTF-8"?>
<testng-results skipped="0" failed="0" ignored="0" total="1" passed="1">
  <reporter-output>
  </reporter-output>
  <suite name="Suite" duration-ms="11153" started-at="2018-12-06T01:01:41Z" finished-at="2018-12-06T01:01:53Z">
    <groups>
    </groups>
    <test name="Test" duration-ms="11153" started-at="2018-12-06T01:01:41Z" finished-at="2018-12-06T01:01:53Z">
      <class name="com.postscripts.Tc_01_GetStatus_Timeline">
        <test-method status="PASS" signature="GetStatusTimeLine()[pri:0, instance:com.postscripts.Tc_01_GetStatus_Timeline@4e1d422d]" name="GetStatusTimeLine" duration-ms="8507" started-at="2018-12-06T01:01:43Z" finished-at="2018-12-06T01:01:52Z">
          <reporter-output>
          </reporter-output>
        </test-method> <!-- GetStatusTimeLine -->
      </class> <!-- com.postscripts.Tc_01_GetStatus_Timeline -->
    </test> <!-- Test -->
  </suite> <!-- Suite -->
</testng-results>
